0 info it worked if it ends with ok
1 verbose cli [ 'node', '/usr/local/bin/npm', 'update', '-g', 'yeoman' ]
2 info using npm@1.1.59
3 info using node@v0.8.8
4 verbose read json /usr/local/lib/package.json
5 verbose read json /usr/local/lib/node_modules/browserify/package.json
6 verbose read json /usr/local/lib/node_modules/chai/package.json
7 verbose read json /usr/local/lib/node_modules/coffee-script/package.json
8 verbose read json /usr/local/lib/node_modules/connect/package.json
9 verbose read json /usr/local/lib/node_modules/handlebars/package.json
10 verbose read json /usr/local/lib/node_modules/jake/package.json
11 verbose read json /usr/local/lib/node_modules/link/package.json
12 verbose read json /usr/local/lib/node_modules/nodeunit/package.json
13 verbose read json /usr/local/lib/node_modules/npm/package.json
14 verbose read json /usr/local/lib/node_modules/redis/package.json
15 verbose read json /usr/local/lib/node_modules/share/package.json
16 verbose read json /usr/local/lib/node_modules/uglify-js/package.json
17 verbose read json /usr/local/lib/node_modules/yeoman/package.json
18 warn package.json connect@2.1.0 No README.md file found!
19 verbose from cache /usr/local/lib/node_modules/connect/package.json
20 verbose from cache /usr/local/lib/node_modules/chai/package.json
21 verbose from cache /usr/local/lib/node_modules/browserify/package.json
22 verbose from cache /usr/local/lib/node_modules/npm/package.json
23 verbose from cache /usr/local/lib/node_modules/jake/package.json
24 verbose from cache /usr/local/lib/node_modules/nodeunit/package.json
25 verbose from cache /usr/local/lib/node_modules/handlebars/package.json
26 verbose from cache /usr/local/lib/node_modules/redis/package.json
27 verbose from cache /usr/local/lib/node_modules/link/package.json
28 verbose from cache /usr/local/lib/node_modules/share/package.json
29 verbose cache add [ 'yeoman', '*' ]
30 silly cache add name="yeoman" spec="*" args=["yeoman","*"]
31 verbose parsed url { pathname: '*', path: '*', href: '*' }
32 verbose addNamed [ 'yeoman', '*' ]
33 verbose addNamed [ null, '' ]
34 verbose from cache /usr/local/lib/node_modules/uglify-js/package.json
35 verbose from cache /usr/local/lib/node_modules/coffee-script/package.json
36 verbose read json /usr/local/lib/node_modules/npm/node_modules/.bin/package.json
37 verbose read json /usr/local/lib/node_modules/npm/node_modules/abbrev/package.json
38 verbose read json /usr/local/lib/node_modules/npm/node_modules/ansi/package.json
39 verbose read json /usr/local/lib/node_modules/npm/node_modules/archy/package.json
40 verbose read json /usr/local/lib/node_modules/npm/node_modules/block-stream/package.json
41 verbose read json /usr/local/lib/node_modules/npm/node_modules/chownr/package.json
42 verbose read json /usr/local/lib/node_modules/npm/node_modules/couch-login/package.json
43 verbose read json /usr/local/lib/node_modules/npm/node_modules/fstream/package.json
44 verbose read json /usr/local/lib/node_modules/npm/node_modules/fstream-npm/package.json
45 verbose read json /usr/local/lib/node_modules/npm/node_modules/glob/package.json
46 verbose read json /usr/local/lib/node_modules/npm/node_modules/graceful-fs/package.json
47 verbose read json /usr/local/lib/node_modules/npm/node_modules/inherits/package.json
48 verbose read json /usr/local/lib/node_modules/npm/node_modules/ini/package.json
49 verbose read json /usr/local/lib/node_modules/npm/node_modules/init-package-json/package.json
50 verbose read json /usr/local/lib/node_modules/npm/node_modules/lockfile/package.json
51 verbose read json /usr/local/lib/node_modules/npm/node_modules/lru-cache/package.json
52 verbose read json /usr/local/lib/node_modules/npm/node_modules/minimatch/package.json
53 verbose read json /usr/local/lib/node_modules/npm/node_modules/mkdirp/package.json
54 verbose read json /usr/local/lib/node_modules/npm/node_modules/node-gyp/package.json
55 verbose read json /usr/local/lib/node_modules/npm/node_modules/nopt/package.json
56 verbose read json /usr/local/lib/node_modules/npm/node_modules/npm-registry-client/package.json
57 verbose read json /usr/local/lib/node_modules/npm/node_modules/npmconf/package.json
58 verbose read json /usr/local/lib/node_modules/npm/node_modules/npmlog/package.json
59 verbose read json /usr/local/lib/node_modules/npm/node_modules/once/package.json
60 verbose read json /usr/local/lib/node_modules/npm/node_modules/osenv/package.json
61 verbose read json /usr/local/lib/node_modules/npm/node_modules/read/package.json
62 verbose read json /usr/local/lib/node_modules/npm/node_modules/read-installed/package.json
63 verbose read json /usr/local/lib/node_modules/npm/node_modules/read-package-json/package.json
64 verbose read json /usr/local/lib/node_modules/npm/node_modules/request/package.json
65 verbose read json /usr/local/lib/node_modules/npm/node_modules/retry/package.json
66 verbose read json /usr/local/lib/node_modules/npm/node_modules/rimraf/package.json
67 verbose read json /usr/local/lib/node_modules/npm/node_modules/semver/package.json
68 verbose read json /usr/local/lib/node_modules/npm/node_modules/slide/package.json
69 verbose read json /usr/local/lib/node_modules/npm/node_modules/tar/package.json
70 verbose read json /usr/local/lib/node_modules/npm/node_modules/uid-number/package.json
71 verbose read json /usr/local/lib/node_modules/npm/node_modules/which/package.json
72 verbose read json /usr/local/lib/node_modules/connect/node_modules/qs/package.json
73 verbose read json /usr/local/lib/node_modules/connect/node_modules/mime/package.json
74 verbose read json /usr/local/lib/node_modules/connect/node_modules/formidable/package.json
75 verbose read json /usr/local/lib/node_modules/connect/node_modules/crc/package.json
76 verbose read json /usr/local/lib/node_modules/connect/node_modules/debug/package.json
77 verbose read json /usr/local/lib/node_modules/browserify/node_modules/.bin/package.json
78 verbose read json /usr/local/lib/node_modules/browserify/node_modules/coffee-script/package.json
79 verbose read json /usr/local/lib/node_modules/browserify/node_modules/commondir/package.json
80 verbose read json /usr/local/lib/node_modules/browserify/node_modules/crypto-browserify/package.json
81 verbose read json /usr/local/lib/node_modules/browserify/node_modules/deputy/package.json
82 verbose read json /usr/local/lib/node_modules/browserify/node_modules/detective/package.json
83 verbose read json /usr/local/lib/node_modules/browserify/node_modules/http-browserify/package.json
84 verbose read json /usr/local/lib/node_modules/browserify/node_modules/nub/package.json
85 verbose read json /usr/local/lib/node_modules/browserify/node_modules/optimist/package.json
86 verbose read json /usr/local/lib/node_modules/browserify/node_modules/resolve/package.json
87 verbose read json /usr/local/lib/node_modules/browserify/node_modules/vm-browserify/package.json
88 verbose read json /usr/local/lib/node_modules/jake/node_modules/minimatch/package.json
89 verbose read json /usr/local/lib/node_modules/nodeunit/node_modules/.bin/package.json
90 verbose read json /usr/local/lib/node_modules/nodeunit/node_modules/tap/package.json
91 verbose read json /usr/local/lib/node_modules/share/node_modules/.bin/package.json
92 verbose read json /usr/local/lib/node_modules/share/node_modules/browserchannel/package.json
93 verbose read json /usr/local/lib/node_modules/share/node_modules/coffee-script/package.json
94 verbose read json /usr/local/lib/node_modules/share/node_modules/connect/package.json
95 verbose read json /usr/local/lib/node_modules/share/node_modules/hat/package.json
96 verbose read json /usr/local/lib/node_modules/share/node_modules/optimist/package.json
97 verbose read json /usr/local/lib/node_modules/share/node_modules/request/package.json
98 verbose read json /usr/local/lib/node_modules/share/node_modules/socket.io/package.json
99 verbose read json /usr/local/lib/node_modules/share/node_modules/socket.io-client/package.json
100 verbose read json /usr/local/lib/node_modules/share/node_modules/uglify-js/package.json
101 verbose read json /usr/local/lib/node_modules/handlebars/node_modules/.bin/package.json
102 verbose read json /usr/local/lib/node_modules/handlebars/node_modules/optimist/package.json
103 verbose read json /usr/local/lib/node_modules/handlebars/node_modules/uglify-js/package.json
104 silly lockFile fd94f358-yeoman yeoman@*
105 verbose lock yeoman@* /Users/paulkinlan/.npm/fd94f358-yeoman.lock
106 silly addNameRange { name: 'yeoman', range: '', hasData: false }
107 warn package.json connect@1.8.6 No README.md file found!
108 verbose url raw yeoman
109 verbose url resolving [ 'https://registry.npmjs.org/', './yeoman' ]
110 verbose url resolved https://registry.npmjs.org/yeoman
111 info retry registry request attempt 1 at 11:21:52
112 verbose etag "5O8WLNXKACHRQ3A07CJCLATVR"
113 http GET https://registry.npmjs.org/yeoman
114 verbose from cache /usr/local/lib/node_modules/npm/node_modules/semver/package.json
115 verbose from cache /usr/local/lib/node_modules/npm/node_modules/ini/package.json
116 verbose from cache /usr/local/lib/node_modules/npm/node_modules/slide/package.json
117 verbose from cache /usr/local/lib/node_modules/npm/node_modules/abbrev/package.json
118 verbose from cache /usr/local/lib/node_modules/npm/node_modules/graceful-fs/package.json
119 verbose from cache /usr/local/lib/node_modules/npm/node_modules/minimatch/package.json
120 verbose from cache /usr/local/lib/node_modules/npm/node_modules/nopt/package.json
121 verbose from cache /usr/local/lib/node_modules/npm/node_modules/rimraf/package.json
122 verbose from cache /usr/local/lib/node_modules/npm/node_modules/request/package.json
123 verbose from cache /usr/local/lib/node_modules/npm/node_modules/which/package.json
124 verbose from cache /usr/local/lib/node_modules/npm/node_modules/tar/package.json
125 verbose from cache /usr/local/lib/node_modules/npm/node_modules/fstream/package.json
126 verbose from cache /usr/local/lib/node_modules/npm/node_modules/block-stream/package.json
127 verbose from cache /usr/local/lib/node_modules/npm/node_modules/inherits/package.json
128 verbose from cache /usr/local/lib/node_modules/npm/node_modules/mkdirp/package.json
129 verbose from cache /usr/local/lib/node_modules/npm/node_modules/read/package.json
130 verbose from cache /usr/local/lib/node_modules/npm/node_modules/lru-cache/package.json
131 verbose from cache /usr/local/lib/node_modules/npm/node_modules/node-gyp/package.json
132 verbose from cache /usr/local/lib/node_modules/npm/node_modules/fstream-npm/package.json
133 verbose from cache /usr/local/lib/node_modules/npm/node_modules/uid-number/package.json
134 verbose from cache /usr/local/lib/node_modules/npm/node_modules/archy/package.json
135 verbose from cache /usr/local/lib/node_modules/npm/node_modules/chownr/package.json
136 verbose from cache /usr/local/lib/node_modules/npm/node_modules/npmlog/package.json
137 verbose from cache /usr/local/lib/node_modules/npm/node_modules/ansi/package.json
138 verbose from cache /usr/local/lib/node_modules/npm/node_modules/npm-registry-client/package.json
139 verbose from cache /usr/local/lib/node_modules/npm/node_modules/read-package-json/package.json
140 verbose from cache /usr/local/lib/node_modules/npm/node_modules/read-installed/package.json
141 verbose from cache /usr/local/lib/node_modules/npm/node_modules/glob/package.json
142 verbose from cache /usr/local/lib/node_modules/npm/node_modules/init-package-json/package.json
143 verbose from cache /usr/local/lib/node_modules/npm/node_modules/osenv/package.json
144 verbose from cache /usr/local/lib/node_modules/npm/node_modules/lockfile/package.json
145 verbose from cache /usr/local/lib/node_modules/npm/node_modules/retry/package.json
146 verbose from cache /usr/local/lib/node_modules/npm/node_modules/couch-login/package.json
147 verbose from cache /usr/local/lib/node_modules/npm/node_modules/once/package.json
148 verbose from cache /usr/local/lib/node_modules/npm/node_modules/npmconf/package.json
149 verbose from cache /usr/local/lib/node_modules/nodeunit/node_modules/tap/package.json
150 verbose from cache /usr/local/lib/node_modules/browserify/node_modules/detective/package.json
151 verbose from cache /usr/local/lib/node_modules/browserify/node_modules/deputy/package.json
152 verbose from cache /usr/local/lib/node_modules/browserify/node_modules/resolve/package.json
153 verbose from cache /usr/local/lib/node_modules/browserify/node_modules/nub/package.json
154 verbose from cache /usr/local/lib/node_modules/browserify/node_modules/commondir/package.json
155 verbose from cache /usr/local/lib/node_modules/browserify/node_modules/coffee-script/package.json
156 verbose from cache /usr/local/lib/node_modules/browserify/node_modules/optimist/package.json
157 verbose from cache /usr/local/lib/node_modules/browserify/node_modules/http-browserify/package.json
158 verbose from cache /usr/local/lib/node_modules/browserify/node_modules/vm-browserify/package.json
159 verbose from cache /usr/local/lib/node_modules/browserify/node_modules/crypto-browserify/package.json
160 verbose from cache /usr/local/lib/node_modules/jake/node_modules/minimatch/package.json
161 verbose read json /usr/local/lib/node_modules/npm/node_modules/minimatch/node_modules/lru-cache/package.json
162 verbose read json /usr/local/lib/node_modules/npm/node_modules/nopt/node_modules/abbrev/package.json
163 verbose read json /usr/local/lib/node_modules/npm/node_modules/rimraf/node_modules/graceful-fs/package.json
164 verbose read json /usr/local/lib/node_modules/npm/node_modules/tar/node_modules/inherits/package.json
165 verbose read json /usr/local/lib/node_modules/npm/node_modules/tar/node_modules/block-stream/package.json
166 verbose read json /usr/local/lib/node_modules/npm/node_modules/tar/node_modules/fstream/package.json
167 verbose read json /usr/local/lib/node_modules/npm/node_modules/fstream/node_modules/mkdirp/package.json
168 verbose read json /usr/local/lib/node_modules/npm/node_modules/block-stream/node_modules/inherits/package.json
169 verbose read json /usr/local/lib/node_modules/npm/node_modules/read/node_modules/mute-stream/package.json
170 verbose read json /usr/local/lib/node_modules/npm/node_modules/node-gyp/node_modules/glob/package.json
171 verbose read json /usr/local/lib/node_modules/npm/node_modules/node-gyp/node_modules/graceful-fs/package.json
172 verbose read json /usr/local/lib/node_modules/npm/node_modules/node-gyp/node_modules/fstream/package.json
173 verbose read json /usr/local/lib/node_modules/npm/node_modules/node-gyp/node_modules/minimatch/package.json
174 verbose read json /usr/local/lib/node_modules/npm/node_modules/node-gyp/node_modules/mkdirp/package.json
175 verbose read json /usr/local/lib/node_modules/npm/node_modules/node-gyp/node_modules/nopt/package.json
176 verbose read json /usr/local/lib/node_modules/npm/node_modules/node-gyp/node_modules/npmlog/package.json
177 verbose read json /usr/local/lib/node_modules/npm/node_modules/node-gyp/node_modules/osenv/package.json
178 verbose read json /usr/local/lib/node_modules/npm/node_modules/node-gyp/node_modules/request/package.json
179 verbose read json /usr/local/lib/node_modules/npm/node_modules/node-gyp/node_modules/rimraf/package.json
180 verbose read json /usr/local/lib/node_modules/npm/node_modules/node-gyp/node_modules/semver/package.json
181 verbose read json /usr/local/lib/node_modules/npm/node_modules/node-gyp/node_modules/tar/package.json
182 verbose read json /usr/local/lib/node_modules/npm/node_modules/node-gyp/node_modules/which/package.json
183 verbose read json /usr/local/lib/node_modules/npm/node_modules/fstream-npm/node_modules/fstream-ignore/package.json
184 verbose read json /usr/local/lib/node_modules/npm/node_modules/npmlog/node_modules/ansi/package.json
185 verbose read json /usr/local/lib/node_modules/npm/node_modules/npm-registry-client/node_modules/request/package.json
186 verbose read json /usr/local/lib/node_modules/npm/node_modules/npm-registry-client/node_modules/graceful-fs/package.json
187 verbose read json /usr/local/lib/node_modules/npm/node_modules/npm-registry-client/node_modules/semver/package.json
188 verbose read json /usr/local/lib/node_modules/npm/node_modules/npm-registry-client/node_modules/slide/package.json
189 verbose read json /usr/local/lib/node_modules/npm/node_modules/npm-registry-client/node_modules/chownr/package.json
190 verbose read json /usr/local/lib/node_modules/npm/node_modules/npm-registry-client/node_modules/mkdirp/package.json
191 verbose read json /usr/local/lib/node_modules/npm/node_modules/npm-registry-client/node_modules/rimraf/package.json
192 verbose read json /usr/local/lib/node_modules/npm/node_modules/npm-registry-client/node_modules/retry/package.json
193 verbose read json /usr/local/lib/node_modules/npm/node_modules/npm-registry-client/node_modules/couch-login/package.json
194 verbose read json /usr/local/lib/node_modules/npm/node_modules/npm-registry-client/node_modules/npmlog/package.json
195 verbose read json /usr/local/lib/node_modules/npm/node_modules/read-package-json/node_modules/glob/package.json
196 verbose read json /usr/local/lib/node_modules/npm/node_modules/read-package-json/node_modules/lru-cache/package.json
197 verbose read json /usr/local/lib/node_modules/npm/node_modules/read-package-json/node_modules/semver/package.json
198 verbose read json /usr/local/lib/node_modules/npm/node_modules/read-package-json/node_modules/slide/package.json
199 verbose read json /usr/local/lib/node_modules/npm/node_modules/read-package-json/node_modules/npmlog/package.json
200 verbose read json /usr/local/lib/node_modules/npm/node_modules/read-package-json/node_modules/graceful-fs/package.json
201 verbose read json /usr/local/lib/node_modules/npm/node_modules/read-installed/node_modules/semver/package.json
202 verbose read json /usr/local/lib/node_modules/npm/node_modules/read-installed/node_modules/slide/package.json
203 verbose read json /usr/local/lib/node_modules/npm/node_modules/read-installed/node_modules/read-package-json/package.json
204 verbose read json /usr/local/lib/node_modules/npm/node_modules/read-installed/node_modules/graceful-fs/package.json
205 verbose read json /usr/local/lib/node_modules/npm/node_modules/read-installed/node_modules/npmlog/package.json
206 verbose read json /usr/local/lib/node_modules/npm/node_modules/glob/node_modules/minimatch/package.json
207 verbose read json /usr/local/lib/node_modules/npm/node_modules/glob/node_modules/graceful-fs/package.json
208 verbose read json /usr/local/lib/node_modules/npm/node_modules/glob/node_modules/inherits/package.json
209 verbose read json /usr/local/lib/node_modules/npm/node_modules/init-package-json/node_modules/promzard/package.json
210 verbose read json /usr/local/lib/node_modules/npm/node_modules/couch-login/node_modules/request/package.json
211 verbose read json /usr/local/lib/node_modules/npm/node_modules/npmconf/node_modules/config-chain/package.json
212 verbose read json /usr/local/lib/node_modules/browserify/node_modules/deputy/node_modules/detective/package.json
213 verbose read json /usr/local/lib/node_modules/browserify/node_modules/deputy/node_modules/mkdirp/package.json
214 verbose read json /usr/local/lib/node_modules/nodeunit/node_modules/tap/node_modules/.bin/package.json
215 verbose read json /usr/local/lib/node_modules/nodeunit/node_modules/tap/node_modules/deep-equal/package.json
216 verbose read json /usr/local/lib/node_modules/nodeunit/node_modules/tap/node_modules/difflet/package.json
217 verbose read json /usr/local/lib/node_modules/nodeunit/node_modules/tap/node_modules/inherits/package.json
218 verbose read json /usr/local/lib/node_modules/nodeunit/node_modules/tap/node_modules/mkdirp/package.json
219 verbose read json /usr/local/lib/node_modules/nodeunit/node_modules/tap/node_modules/nopt/package.json
220 verbose read json /usr/local/lib/node_modules/nodeunit/node_modules/tap/node_modules/runforcover/package.json
221 verbose read json /usr/local/lib/node_modules/nodeunit/node_modules/tap/node_modules/slide/package.json
222 verbose read json /usr/local/lib/node_modules/nodeunit/node_modules/tap/node_modules/yamlish/package.json
223 verbose read json /usr/local/lib/node_modules/browserify/node_modules/detective/node_modules/.bin/package.json
224 verbose read json /usr/local/lib/node_modules/browserify/node_modules/detective/node_modules/uglify-js/package.json
225 verbose read json /usr/local/lib/node_modules/jake/node_modules/minimatch/node_modules/lru-cache/package.json
226 verbose from cache /usr/local/lib/node_modules/handlebars/node_modules/optimist/package.json
227 verbose from cache /usr/local/lib/node_modules/handlebars/node_modules/uglify-js/package.json
228 verbose from cache /usr/local/lib/node_modules/share/node_modules/socket.io/package.json
229 verbose from cache /usr/local/lib/node_modules/share/node_modules/socket.io-client/package.json
230 verbose from cache /usr/local/lib/node_modules/share/node_modules/connect/package.json
231 verbose from cache /usr/local/lib/node_modules/share/node_modules/optimist/package.json
232 verbose from cache /usr/local/lib/node_modules/share/node_modules/uglify-js/package.json
233 verbose from cache /usr/local/lib/node_modules/share/node_modules/request/package.json
234 verbose from cache /usr/local/lib/node_modules/share/node_modules/coffee-script/package.json
235 verbose from cache /usr/local/lib/node_modules/share/node_modules/browserchannel/package.json
236 verbose from cache /usr/local/lib/node_modules/share/node_modules/hat/package.json
237 verbose read json /usr/local/lib/node_modules/browserify/node_modules/optimist/node_modules/wordwrap/package.json
238 verbose read json /usr/local/lib/node_modules/handlebars/node_modules/optimist/node_modules/wordwrap/package.json
239 verbose read json /usr/local/lib/node_modules/share/node_modules/socket.io/node_modules/policyfile/package.json
240 verbose read json /usr/local/lib/node_modules/share/node_modules/socket.io/node_modules/redis/package.json
241 verbose read json /usr/local/lib/node_modules/share/node_modules/connect/node_modules/formidable/package.json
242 verbose read json /usr/local/lib/node_modules/share/node_modules/connect/node_modules/mime/package.json
243 verbose read json /usr/local/lib/node_modules/share/node_modules/connect/node_modules/qs/package.json
244 verbose read json /usr/local/lib/node_modules/share/node_modules/socket.io-client/node_modules/.bin/package.json
245 verbose read json /usr/local/lib/node_modules/share/node_modules/socket.io-client/node_modules/uglify-js/package.json
246 verbose read json /usr/local/lib/node_modules/share/node_modules/socket.io-client/node_modules/websocket-client/package.json
247 verbose read json /usr/local/lib/node_modules/share/node_modules/socket.io-client/node_modules/xmlhttprequest/package.json
248 verbose read json /usr/local/lib/node_modules/share/node_modules/browserchannel/node_modules/.bin/package.json
249 verbose read json /usr/local/lib/node_modules/share/node_modules/browserchannel/node_modules/coffee-script/package.json
250 verbose read json /usr/local/lib/node_modules/share/node_modules/browserchannel/node_modules/connect/package.json
251 verbose read json /usr/local/lib/node_modules/share/node_modules/browserchannel/node_modules/hat/package.json
252 verbose read json /usr/local/lib/node_modules/share/node_modules/browserchannel/node_modules/request/package.json
253 verbose read json /usr/local/lib/node_modules/share/node_modules/browserchannel/node_modules/timerstub/package.json
254 verbose read json /usr/local/lib/node_modules/share/node_modules/optimist/node_modules/wordwrap/package.json
255 verbose from cache /usr/local/lib/node_modules/npm/node_modules/fstream-npm/node_modules/fstream-ignore/package.json
256 verbose read json /usr/local/lib/node_modules/npm/node_modules/fstream-npm/node_modules/inherits/package.json
257 verbose from cache /usr/local/lib/node_modules/npm/node_modules/npmconf/node_modules/config-chain/package.json
258 verbose read json /usr/local/lib/node_modules/npm/node_modules/npmconf/node_modules/inherits/package.json
259 verbose read json /usr/local/lib/node_modules/npm/node_modules/npmconf/node_modules/once/package.json
260 verbose read json /usr/local/lib/node_modules/npm/node_modules/npmconf/node_modules/mkdirp/package.json
261 verbose read json /usr/local/lib/node_modules/npm/node_modules/npmconf/node_modules/osenv/package.json
262 verbose read json /usr/local/lib/node_modules/npm/node_modules/npmconf/node_modules/nopt/package.json
263 verbose from cache /usr/local/lib/node_modules/npm/node_modules/read/node_modules/mute-stream/package.json
264 verbose from cache /usr/local/lib/node_modules/npm/node_modules/init-package-json/node_modules/promzard/package.json
265 verbose read json /usr/local/lib/node_modules/npm/node_modules/init-package-json/node_modules/read/package.json
266 verbose read json /usr/local/lib/node_modules/npm/node_modules/init-package-json/node_modules/read-package-json/package.json
267 verbose read json /usr/local/lib/node_modules/npm/node_modules/init-package-json/node_modules/semver/package.json
268 verbose read json /usr/local/lib/node_modules/npm/node_modules/fstream-npm/node_modules/fstream-ignore/node_modules/minimatch/package.json
269 verbose read json /usr/local/lib/node_modules/npm/node_modules/npmconf/node_modules/config-chain/node_modules/proto-list/package.json
270 verbose read json /usr/local/lib/node_modules/npm/node_modules/init-package-json/node_modules/promzard/node_modules/read/package.json
271 warn package.json connect@1.7.3 No README.md file found!
272 verbose read json /usr/local/lib/node_modules/npm/node_modules/fstream/node_modules/rimraf/package.json
273 verbose from cache /usr/local/lib/node_modules/npm/node_modules/fstream/node_modules/mkdirp/package.json
274 verbose read json /usr/local/lib/node_modules/npm/node_modules/fstream/node_modules/graceful-fs/package.json
275 verbose read json /usr/local/lib/node_modules/npm/node_modules/fstream/node_modules/inherits/package.json
276 verbose from cache /usr/local/lib/node_modules/browserify/node_modules/deputy/node_modules/mkdirp/package.json
277 verbose from cache /usr/local/lib/node_modules/browserify/node_modules/deputy/node_modules/detective/package.json
278 verbose read json /usr/local/lib/node_modules/browserify/node_modules/deputy/node_modules/detective/node_modules/burrito/package.json
279 verbose from cache /usr/local/lib/node_modules/npm/node_modules/npmconf/node_modules/config-chain/node_modules/proto-list/package.json
280 verbose read json /usr/local/lib/node_modules/npm/node_modules/npmconf/node_modules/config-chain/node_modules/ini/package.json
281 verbose from cache /usr/local/lib/node_modules/browserify/node_modules/detective/node_modules/uglify-js/package.json
282 verbose from cache /usr/local/lib/node_modules/jake/node_modules/minimatch/node_modules/lru-cache/package.json
283 verbose from cache /usr/local/lib/node_modules/nodeunit/node_modules/tap/node_modules/inherits/package.json
284 verbose from cache /usr/local/lib/node_modules/nodeunit/node_modules/tap/node_modules/yamlish/package.json
285 verbose from cache /usr/local/lib/node_modules/nodeunit/node_modules/tap/node_modules/slide/package.json
286 verbose from cache /usr/local/lib/node_modules/nodeunit/node_modules/tap/node_modules/runforcover/package.json
287 verbose from cache /usr/local/lib/node_modules/nodeunit/node_modules/tap/node_modules/nopt/package.json
288 verbose from cache /usr/local/lib/node_modules/nodeunit/node_modules/tap/node_modules/mkdirp/package.json
289 verbose from cache /usr/local/lib/node_modules/nodeunit/node_modules/tap/node_modules/difflet/package.json
290 verbose from cache /usr/local/lib/node_modules/nodeunit/node_modules/tap/node_modules/deep-equal/package.json
291 verbose from cache /usr/local/lib/node_modules/browserify/node_modules/optimist/node_modules/wordwrap/package.json
292 verbose read json /usr/local/lib/node_modules/share/node_modules/socket.io/node_modules/socket.io-client/package.json
293 verbose from cache /usr/local/lib/node_modules/share/node_modules/socket.io/node_modules/policyfile/package.json
294 verbose from cache /usr/local/lib/node_modules/share/node_modules/socket.io/node_modules/redis/package.json
295 verbose from cache /usr/local/lib/node_modules/handlebars/node_modules/optimist/node_modules/wordwrap/package.json
296 verbose from cache /usr/local/lib/node_modules/share/node_modules/connect/node_modules/qs/package.json
297 verbose from cache /usr/local/lib/node_modules/share/node_modules/connect/node_modules/mime/package.json
298 verbose from cache /usr/local/lib/node_modules/share/node_modules/connect/node_modules/formidable/package.json
299 verbose from cache /usr/local/lib/node_modules/share/node_modules/socket.io-client/node_modules/uglify-js/package.json
300 verbose from cache /usr/local/lib/node_modules/share/node_modules/socket.io-client/node_modules/websocket-client/package.json
301 verbose from cache /usr/local/lib/node_modules/share/node_modules/socket.io-client/node_modules/xmlhttprequest/package.json
302 verbose read json /usr/local/lib/node_modules/nodeunit/node_modules/tap/node_modules/nopt/node_modules/abbrev/package.json
303 verbose from cache /usr/local/lib/node_modules/share/node_modules/browserchannel/node_modules/coffee-script/package.json
304 verbose from cache /usr/local/lib/node_modules/share/node_modules/browserchannel/node_modules/hat/package.json
305 verbose from cache /usr/local/lib/node_modules/share/node_modules/browserchannel/node_modules/connect/package.json
306 verbose from cache /usr/local/lib/node_modules/share/node_modules/browserchannel/node_modules/timerstub/package.json
307 verbose from cache /usr/local/lib/node_modules/share/node_modules/browserchannel/node_modules/request/package.json
308 verbose from cache /usr/local/lib/node_modules/share/node_modules/optimist/node_modules/wordwrap/package.json
309 verbose read json /usr/local/lib/node_modules/nodeunit/node_modules/tap/node_modules/runforcover/node_modules/bunker/package.json
310 verbose read json /usr/local/lib/node_modules/nodeunit/node_modules/tap/node_modules/difflet/node_modules/charm/package.json
311 verbose read json /usr/local/lib/node_modules/share/node_modules/browserchannel/node_modules/timerstub/node_modules/.bin/package.json
312 verbose read json /usr/local/lib/node_modules/share/node_modules/browserchannel/node_modules/timerstub/node_modules/coffee-script/package.json
313 verbose read json /usr/local/lib/node_modules/share/node_modules/browserchannel/node_modules/connect/node_modules/mime/package.json
314 verbose read json /usr/local/lib/node_modules/share/node_modules/browserchannel/node_modules/connect/node_modules/qs/package.json
315 verbose from cache /usr/local/lib/node_modules/npm/node_modules/fstream-npm/node_modules/fstream-ignore/node_modules/minimatch/package.json
316 verbose read json /usr/local/lib/node_modules/npm/node_modules/fstream-npm/node_modules/fstream-ignore/node_modules/fstream/package.json
317 verbose read json /usr/local/lib/node_modules/npm/node_modules/fstream-npm/node_modules/fstream-ignore/node_modules/inherits/package.json
318 verbose read json /usr/local/lib/node_modules/npm/node_modules/fstream-npm/node_modules/fstream-ignore/node_modules/minimatch/node_modules/lru-cache/package.json
319 verbose from cache /usr/local/lib/node_modules/nodeunit/node_modules/tap/node_modules/nopt/node_modules/abbrev/package.json
320 verbose from cache /usr/local/lib/node_modules/browserify/node_modules/deputy/node_modules/detective/node_modules/burrito/package.json
321 verbose from cache /usr/local/lib/node_modules/nodeunit/node_modules/tap/node_modules/runforcover/node_modules/bunker/package.json
322 verbose read json /usr/local/lib/node_modules/browserify/node_modules/deputy/node_modules/detective/node_modules/burrito/node_modules/.bin/package.json
323 verbose read json /usr/local/lib/node_modules/browserify/node_modules/deputy/node_modules/detective/node_modules/burrito/node_modules/traverse/package.json
324 verbose read json /usr/local/lib/node_modules/browserify/node_modules/deputy/node_modules/detective/node_modules/burrito/node_modules/uglify-js/package.json
325 verbose read json /usr/local/lib/node_modules/nodeunit/node_modules/tap/node_modules/runforcover/node_modules/bunker/node_modules/burrito/package.json
326 verbose read json /usr/local/lib/node_modules/nodeunit/node_modules/tap/node_modules/difflet/node_modules/traverse/package.json
327 verbose from cache /usr/local/lib/node_modules/nodeunit/node_modules/tap/node_modules/difflet/node_modules/charm/package.json
328 verbose read json /usr/local/lib/node_modules/nodeunit/node_modules/tap/node_modules/difflet/node_modules/deep-equal/package.json
329 verbose from cache /usr/local/lib/node_modules/share/node_modules/browserchannel/node_modules/connect/node_modules/qs/package.json
330 verbose from cache /usr/local/lib/node_modules/share/node_modules/browserchannel/node_modules/connect/node_modules/mime/package.json
331 verbose from cache /usr/local/lib/node_modules/share/node_modules/browserchannel/node_modules/timerstub/node_modules/coffee-script/package.json
332 verbose from cache /usr/local/lib/node_modules/browserify/node_modules/deputy/node_modules/detective/node_modules/burrito/node_modules/traverse/package.json
333 verbose from cache /usr/local/lib/node_modules/browserify/node_modules/deputy/node_modules/detective/node_modules/burrito/node_modules/uglify-js/package.json
334 verbose from cache /usr/local/lib/node_modules/nodeunit/node_modules/tap/node_modules/runforcover/node_modules/bunker/node_modules/burrito/package.json
335 verbose read json /usr/local/lib/node_modules/nodeunit/node_modules/tap/node_modules/runforcover/node_modules/bunker/node_modules/burrito/node_modules/.bin/package.json
336 verbose read json /usr/local/lib/node_modules/nodeunit/node_modules/tap/node_modules/runforcover/node_modules/bunker/node_modules/burrito/node_modules/traverse/package.json
337 verbose read json /usr/local/lib/node_modules/nodeunit/node_modules/tap/node_modules/runforcover/node_modules/bunker/node_modules/burrito/node_modules/uglify-js/package.json
338 verbose from cache /usr/local/lib/node_modules/nodeunit/node_modules/tap/node_modules/runforcover/node_modules/bunker/node_modules/burrito/node_modules/traverse/package.json
339 verbose from cache /usr/local/lib/node_modules/nodeunit/node_modules/tap/node_modules/runforcover/node_modules/bunker/node_modules/burrito/node_modules/uglify-js/package.json
340 http 304 https://registry.npmjs.org/yeoman
341 silly registry.get cb [ 304,
341 silly registry.get   { server: 'CouchDB/1.2.0 (Erlang OTP/R15B)',
341 silly registry.get     etag: '"5O8WLNXKACHRQ3A07CJCLATVR"',
341 silly registry.get     date: 'Fri, 28 Sep 2012 10:21:53 GMT',
341 silly registry.get     'content-length': '0' } ]
342 verbose etag yeoman from cache
343 silly addNameRange number 2 { name: 'yeoman', range: '', hasData: true }
344 silly addNameRange versions [ 'yeoman',
344 silly addNameRange   [ '0.0.1',
344 silly addNameRange     '0.7.0',
344 silly addNameRange     '0.7.1',
344 silly addNameRange     '0.7.2',
344 silly addNameRange     '0.7.3',
344 silly addNameRange     '0.9.0',
344 silly addNameRange     '0.9.1',
344 silly addNameRange     '0.9.2' ] ]
345 verbose addNamed [ 'yeoman', '0.9.2' ]
346 verbose addNamed [ '0.9.2', '0.9.2' ]
347 silly lockFile 2a76cfe5-yeoman-0-9-2 yeoman@0.9.2
348 verbose lock yeoman@0.9.2 /Users/paulkinlan/.npm/2a76cfe5-yeoman-0-9-2.lock
349 verbose read json /Users/paulkinlan/.npm/yeoman/0.9.2/package/package.json
350 silly lockFile 2a76cfe5-yeoman-0-9-2 yeoman@0.9.2
351 silly lockFile fd94f358-yeoman yeoman@*
352 info outdated updating [ [ '/usr/local/lib', 'yeoman', '0.9.1', '0.9.2' ] ]
353 verbose install where,what [ '/usr/local/lib', [ 'yeoman@0.9.2' ] ]
354 verbose read json /usr/local/lib/package.json
355 verbose read json /usr/local/lib/package.json
356 verbose cache add [ 'yeoman@0.9.2', null ]
357 silly cache add name=undefined spec="yeoman@0.9.2" args=["yeoman@0.9.2",null]
358 verbose parsed url { pathname: 'yeoman@0.9.2',
358 verbose parsed url   path: 'yeoman@0.9.2',
358 verbose parsed url   href: 'yeoman@0.9.2' }
359 silly cache add name="yeoman" spec="0.9.2" args=["yeoman","0.9.2"]
360 verbose parsed url { pathname: '0.9.2', path: '0.9.2', href: '0.9.2' }
361 verbose addNamed [ 'yeoman', '0.9.2' ]
362 verbose addNamed [ '0.9.2', '0.9.2' ]
363 silly lockFile 2a76cfe5-yeoman-0-9-2 yeoman@0.9.2
364 verbose lock yeoman@0.9.2 /Users/paulkinlan/.npm/2a76cfe5-yeoman-0-9-2.lock
365 verbose url raw yeoman/0.9.2
366 verbose url resolving [ 'https://registry.npmjs.org/', './yeoman/0.9.2' ]
367 verbose url resolved https://registry.npmjs.org/yeoman/0.9.2
368 info retry registry request attempt 1 at 11:21:54
369 verbose etag "5O8WLNXKACHRQ3A07CJCLATVR"
370 http GET https://registry.npmjs.org/yeoman/0.9.2
371 http 304 https://registry.npmjs.org/yeoman/0.9.2
372 silly registry.get cb [ 304,
372 silly registry.get   { server: 'CouchDB/1.2.0 (Erlang OTP/R15B)',
372 silly registry.get     etag: '"5O8WLNXKACHRQ3A07CJCLATVR"',
372 silly registry.get     date: 'Fri, 28 Sep 2012 10:21:54 GMT',
372 silly registry.get     'content-length': '0' } ]
373 verbose etag yeoman/0.9.2 from cache
374 verbose from cache /Users/paulkinlan/.npm/yeoman/0.9.2/package/package.json
375 silly lockFile 2a76cfe5-yeoman-0-9-2 yeoman@0.9.2
376 silly resolved [ { name: 'yeoman',
376 silly resolved     version: '0.9.2',
376 silly resolved     description: 'The Yeoman CLI presents a command line interface for creating, building, maintaining, and shipping a project.',
376 silly resolved     keywords:
376 silly resolved      [ 'front-end',
376 silly resolved        'development',
376 silly resolved        'dev',
376 silly resolved        'build',
376 silly resolved        'web',
376 silly resolved        'tool',
376 silly resolved        'cli',
376 silly resolved        'scaffold',
376 silly resolved        'stack' ],
376 silly resolved     homepage: 'http://yeoman.io',
376 silly resolved     bugs: 'https://github.com/yeoman/yeoman/issues',
376 silly resolved     author: { name: 'Chrome Developer Relations' },
376 silly resolved     main: './yeoman',
376 silly resolved     bin:
376 silly resolved      { yeoman: './bin/yeoman',
376 silly resolved        _yeomaninsight: './bin/yeomaninsight.py' },
376 silly resolved     directories: { man: './man' },
376 silly resolved     repository: { type: 'git', url: 'git://github.com/yeoman/yeoman.git' },
376 silly resolved     scripts:
376 silly resolved      { test: 'node node_modules/mocha/bin/mocha test/test-*.js',
376 silly resolved        manpages: './scripts/docs-build' },
376 silly resolved     dependencies:
376 silly resolved      { grunt: 'https://nodeload.github.com/cowboy/grunt/tarball/0ba6d4b529',
376 silly resolved        'yeoman-generators': 'https://nodeload.github.com/yeoman/generators/tarball/282b0b4c51',
376 silly resolved        bower: '~0.1.0',
376 silly resolved        open: '0.0.2',
376 silly resolved        rimraf: '~2.0.1',
376 silly resolved        mkdirp: '~0.3.1',
376 silly resolved        requirejs: '~2.0.2',
376 silly resolved        'clean-css': '~0.3.2',
376 silly resolved        connect: '~2.2.1',
376 silly resolved        request: '~2.9.200',
376 silly resolved        'html-minifier': '~0.4.5',
376 silly resolved        which: '~1.0.5',
376 silly resolved        cheerio: '~0.9.2',
376 silly resolved        fstream: '~0.1.18',
376 silly resolved        'fstream-ignore': '0.0.5',
376 silly resolved        tar: '~0.1.13',
376 silly resolved        'coffee-script': '~1.3.3',
376 silly resolved        'grunt-jasmine-task': '~0.2.2',
376 silly resolved        'faye-websocket': '~0.4.2',
376 silly resolved        shelljs: '~0.0.6',
376 silly resolved        prompt: '~0.1.12',
376 silly resolved        colors: '~0.6.0',
376 silly resolved        'grunt-mocha': '~0.1.3',
376 silly resolved        'es6-collections': '>=0.2.0',
376 silly resolved        'grunt-contrib-coffee': '~0.3.1' },
376 silly resolved     devDependencies: { mocha: '~1.4.0', ronn: '~0.3.8' },
376 silly resolved     engines: { node: '>=0.8.0' },
376 silly resolved     man:
376 silly resolved      [ '/Users/paulkinlan/.npm/yeoman/0.9.2/package/man/bower.1',
376 silly resolved        '/Users/paulkinlan/.npm/yeoman/0.9.2/package/man/build.1',
376 silly resolved        '/Users/paulkinlan/.npm/yeoman/0.9.2/package/man/faq.1',
376 silly resolved        '/Users/paulkinlan/.npm/yeoman/0.9.2/package/man/folders.1',
376 silly resolved        '/Users/paulkinlan/.npm/yeoman/0.9.2/package/man/gruntfile.1',
376 silly resolved        '/Users/paulkinlan/.npm/yeoman/0.9.2/package/man/init.1',
376 silly resolved        '/Users/paulkinlan/.npm/yeoman/0.9.2/package/man/insight.1',
376 silly resolved        '/Users/paulkinlan/.npm/yeoman/0.9.2/package/man/serve.1',
376 silly resolved        '/Users/paulkinlan/.npm/yeoman/0.9.2/package/man/server.1',
376 silly resolved        '/Users/paulkinlan/.npm/yeoman/0.9.2/package/man/test.1',
376 silly resolved        '/Users/paulkinlan/.npm/yeoman/0.9.2/package/man/yeoman.1' ],
376 silly resolved     readme: '# Yeoman CLI\n\nThe Yeoman CLI presents a command-line interface for creating, building, maintaining, and shipping a project.\n\nFor more information, see the project [readme](https://github.com/yeoman/yeoman#welcome-friend).\n',
376 silly resolved     _id: 'yeoman@0.9.2',
376 silly resolved     _from: 'yeoman@0.9.2' } ]
377 info install yeoman@0.9.2 into /usr/local/lib
378 info installOne yeoman@0.9.2
379 verbose from cache /Users/paulkinlan/.npm/yeoman/0.9.2/package/package.json
380 info /usr/local/lib/node_modules/yeoman unbuild
381 verbose from cache /usr/local/lib/node_modules/yeoman/package.json
382 info preuninstall yeoman@0.9.1
383 info uninstall yeoman@0.9.1
384 verbose true,/usr/local/lib/node_modules,/usr/local/lib/node_modules unbuild yeoman@0.9.1
385 verbose /usr/local/bin,[object Object] binRoot
386 info /usr/local/lib/node_modules/yeoman unbuild
387 verbose read json /usr/local/lib/node_modules/yeoman/package.json
388 info preuninstall yeoman@0.9.1
389 info uninstall yeoman@0.9.1
390 verbose true,/usr/local/lib/node_modules,/usr/local/lib/node_modules unbuild yeoman@0.9.1
391 verbose /usr/local/bin,[object Object] binRoot
392 error error rolling back Error: EACCES, unlink '/usr/local/bin/yeoman'
392 error error rolling back  yeoman@0.9.2 { [Error: EACCES, unlink '/usr/local/bin/yeoman'] errno: 3, code: 'EACCES', path: '/usr/local/bin/yeoman' }
393 error Error: EACCES, unlink '/usr/local/bin/yeoman'
393 error  { [Error: EACCES, unlink '/usr/local/bin/yeoman'] errno: 3, code: 'EACCES', path: '/usr/local/bin/yeoman' }
394 error Please try running this command again as root/Administrator.
395 error System Darwin 10.8.0
396 error command "node" "/usr/local/bin/npm" "update" "-g" "yeoman"
397 error cwd /Users/paulkinlan/projects/mobiletester
398 error node -v v0.8.8
399 error npm -v 1.1.59
400 error path /usr/local/bin/yeoman
401 error code EACCES
402 error errno 3
403 error stack Error: EACCES, unlink '/usr/local/bin/yeoman'
404 verbose exit [ 3, true ]
